{
  "stats": {
    "suites": 1,
    "tests": 1,
    "passes": 1,
    "pending": 0,
    "failures": 0,
    "start": "2026-02-11T10:47:02.208Z",
    "end": "2026-02-11T10:47:11.041Z",
    "duration": 8833,
    "testsRegistered": 1,
    "passPercent": 100,
    "pendingPercent": 0,
    "other": 0,
    "hasOther": false,
    "skipped": 0,
    "hasSkipped": false
  },
  "results": [
    {
      "uuid": "6749e51e-19f7-428a-b64e-b683ca154977",
      "title": "",
      "fullFile": "C:\\Users\\USER\\Documents\\GIT\\riska-sesi-9-batch14\\test\\test.sesi9.js",
      "file": "\\test\\test.sesi9.js",
      "beforeHooks": [],
      "afterHooks": [],
      "tests": [],
      "suites": [
        {
          "uuid": "b527a23d-7acd-4f6e-a7ef-cf4ef3ec0e96",
          "title": "Google Search Test",
          "fullFile": "C:\\Users\\USER\\Documents\\GIT\\riska-sesi-9-batch14\\test\\test.sesi9.js",
          "file": "\\test\\test.sesi9.js",
          "beforeHooks": [],
          "afterHooks": [],
          "tests": [
            {
              "title": "Login SauceDemo dan cek page title",
              "fullTitle": "Google Search Test Login SauceDemo dan cek page title",
              "timedOut": false,
              "duration": 8821,
              "state": "passed",
              "speed": "slow",
              "pass": true,
              "fail": false,
              "pending": false,
              "context": null,
              "code": "options = new chrome.Options();\noptions.addArguments('--incognito'); // option ke chrome supaya gaada popup password nya\ndriver = await new Builder()\n    .forBrowser('chrome')\n    .setChromeOptions(options)\n    .build();\n//driver = await new Builder().forBrowser('chrome').build();\nawait driver.get('https://www.saucedemo.com');\nconst title = await driver.getTitle();\n// assert: memastikan object sama persis\nassert.strictEqual(title, 'Swag Labs');\n// inputs\nlet inputUsername = await driver.findElement(By.css('[data-test=\"username\"]'))\nlet inputPassword = await driver.findElement(By.xpath('//*[@data-test=\"password\"]'))\nlet buttonLogin = await driver.findElement(By.className('submit-button btn_action'))\nawait inputUsername.sendKeys('visual_user')\nawait inputPassword.sendKeys('secret_sauce')\nawait driver.sleep(1000)\nawait buttonLogin.click()\n\n// tunggu element tampil\nlet buttonCart = await driver.wait(\n    until.elementLocated(By.xpath('//*[@id=\"shopping_cart_container\"]')), \n    10000\n);\nawait driver.wait(until.elementIsVisible(buttonCart), 5000, 'Shopping cart harus tampil');\n\n// assert: elememt ada\nawait buttonCart.isDisplayed()\n// assert: text dalam element benar\nlet textAppLogo = await driver.findElement(By.className('app_logo'))\nlet logotext = await textAppLogo.getText()\nassert.strictEqual(logotext, 'Swag Labs')\nawait driver.sleep(1700)\n// dropdown search\nlet dropdownSort = await driver.findElement(By.xpath('//select[@data-test=\"product-sort-container\"]'))\nawait dropdownSort.click()\nlet optionPriceLow = await driver.findElement(By.xpath('//option[text()=\"Price (low to high)\"]'));\nawait optionPriceLow.click();\n// assert: text Sorting\nlet checkText = await driver.findElement(By.className('active_option')).getText();\nassert.strictEqual(checkText, 'Price (low to high)');\nawait driver.sleep(500);\ndropdownSort = await driver.findElement(By.xpath('//select[@data-test=\"product-sort-container\"]'))\nawait dropdownSort.click()\nlet optionPriceHigh = await driver.findElement(By.xpath('//option[text()=\"Price (high to low)\"]'));\nawait optionPriceHigh.click();\n// assert: text Sorting\ncheckText = await driver.findElement(By.className('active_option')).getText();\nassert.strictEqual(checkText, 'Price (high to low)');\nawait driver.sleep(500);\ndropdownSort = await driver.findElement(By.xpath('//select[@data-test=\"product-sort-container\"]'))\nawait dropdownSort.click()\nlet optionNameZtoA = await driver.findElement(By.xpath('//option[text()=\"Name (Z to A)\"]'));\nawait optionNameZtoA.click();\n// assert: text Sorting\ncheckText = await driver.findElement(By.className('active_option')).getText();\nassert.strictEqual(checkText, 'Name (Z to A)');\nawait driver.sleep(500);\ndropdownSort = await driver.findElement(By.xpath('//select[@data-test=\"product-sort-container\"]'))\nawait dropdownSort.click()\nlet optionNameAtoZ = await driver.findElement(By.xpath('//option[text()=\"Name (A to Z)\"]'));\nawait optionNameAtoZ.click();\n// assert: text Sorting\ncheckText = await driver.findElement(By.className('active_option')).getText();\nassert.strictEqual(checkText, 'Name (A to Z)');\nawait driver.sleep(2000);\nawait driver.quit();",
              "err": {},
              "uuid": "5f53c36d-12dd-442a-83d5-1fc50535549d",
              "parentUUID": "b527a23d-7acd-4f6e-a7ef-cf4ef3ec0e96",
              "isHook": false,
              "skipped": false
            }
          ],
          "suites": [],
          "passes": [
            "5f53c36d-12dd-442a-83d5-1fc50535549d"
          ],
          "failures": [],
          "pending": [],
          "skipped": [],
          "duration": 8821,
          "root": false,
          "rootEmpty": false,
          "_timeout": 60000
        }
      ],
      "passes": [],
      "failures": [],
      "pending": [],
      "skipped": [],
      "duration": 0,
      "root": true,
      "rootEmpty": true,
      "_timeout": 60000
    }
  ],
  "meta": {
    "mocha": {
      "version": "10.8.2"
    },
    "mochawesome": {
      "options": {
        "quiet": false,
        "reportFilename": "mochawesome",
        "saveHtml": true,
        "saveJson": true,
        "consoleReporter": "spec",
        "useInlineDiffs": false,
        "code": true
      },
      "version": "7.1.4"
    },
    "marge": {
      "options": null,
      "version": "6.3.2"
    }
  }
}